2026-06-07 21:04:39.186 +05:00 [INF] Starting Portfolio API
2026-06-07 21:12:41.763 +05:00 [INF] HTTP OPTIONS /api/auth/login responded 204 in 15.4654 ms
2026-06-07 21:12:42.063 +05:00 [WRN] Failed to determine the https port for redirect.
2026-06-07 21:12:44.988 +05:00 [INF] HTTP POST /api/auth/login responded 400 in 2948.3333 ms
2026-06-07 21:13:40.559 +05:00 [INF] HTTP GET / responded 404 in 5.5199 ms
2026-06-07 21:13:45.161 +05:00 [INF] HTTP GET / responded 404 in 22.6153 ms
2026-06-07 21:14:06.070 +05:00 [INF] HTTP GET / responded 404 in 0.9716 ms
2026-06-07 21:14:09.028 +05:00 [INF] HTTP GET / responded 404 in 6.3606 ms
2026-06-07 21:14:09.335 +05:00 [INF] HTTP GET / responded 404 in 0.1764 ms
2026-06-07 21:14:09.721 +05:00 [INF] HTTP GET / responded 404 in 0.1785 ms
2026-06-07 21:14:09.992 +05:00 [INF] HTTP GET / responded 404 in 0.4158 ms
2026-06-07 21:14:31.286 +05:00 [INF] HTTP GET /SAWGGER/INDEX.HTML responded 404 in 0.2171 ms
2026-06-07 21:14:37.608 +05:00 [INF] HTTP OPTIONS /api/auth/login responded 204 in 4.3386 ms
2026-06-07 21:14:37.755 +05:00 [INF] HTTP POST /api/auth/login responded 400 in 79.8012 ms
2026-06-07 21:14:39.292 +05:00 [INF] HTTP POST /api/auth/login responded 400 in 22.1772 ms
2026-06-07 21:43:15.491 +05:00 [INF] HTTP OPTIONS /api/auth/login responded 204 in 9.5018 ms
2026-06-07 21:43:16.964 +05:00 [INF] HTTP POST /api/auth/login responded 200 in 1436.5080 ms
2026-06-07 21:43:22.993 +05:00 [INF] HTTP OPTIONS /api/experience/paged responded 204 in 0.1036 ms
2026-06-07 21:43:23.611 +05:00 [ERR] HTTP GET /api/experience/paged responded 500 in 530.7374 ms
2026-06-07 21:43:33.188 +05:00 [INF] HTTP OPTIONS /api/projects/paged responded 204 in 0.1619 ms
2026-06-07 21:43:33.321 +05:00 [INF] HTTP GET /api/projects/paged responded 200 in 106.9013 ms
2026-06-07 21:43:39.536 +05:00 [INF] HTTP OPTIONS /api/education/paged responded 204 in 0.4368 ms
2026-06-07 21:43:39.674 +05:00 [INF] HTTP GET /api/education/paged responded 200 in 127.8815 ms
2026-06-07 21:43:41.478 +05:00 [INF] HTTP OPTIONS /api/skills/paged responded 204 in 0.3008 ms
2026-06-07 21:43:41.558 +05:00 [INF] HTTP GET /api/skills/paged responded 200 in 65.1507 ms
2026-06-07 21:43:42.519 +05:00 [INF] HTTP OPTIONS /api/awards/paged responded 204 in 0.1178 ms
2026-06-07 21:43:42.598 +05:00 [INF] HTTP GET /api/awards/paged responded 200 in 56.0075 ms
2026-06-07 21:43:43.785 +05:00 [INF] HTTP OPTIONS /api/certifications/paged responded 204 in 0.0720 ms
2026-06-07 21:43:43.910 +05:00 [INF] HTTP GET /api/certifications/paged responded 200 in 100.6350 ms
2026-06-07 21:43:44.722 +05:00 [INF] HTTP OPTIONS /api/documents/paged responded 204 in 0.1626 ms
2026-06-07 21:43:45.162 +05:00 [INF] HTTP GET /api/documents/paged responded 200 in 232.4071 ms
2026-06-07 21:43:46.540 +05:00 [INF] HTTP OPTIONS /api/auth/logout responded 204 in 0.1914 ms
2026-06-07 21:43:46.612 +05:00 [INF] HTTP POST /api/auth/logout responded 204 in 66.6154 ms
2026-06-07 21:55:52.706 +05:00 [INF] HTTP OPTIONS /api/auth/login responded 204 in 18.3813 ms
2026-06-07 21:55:54.631 +05:00 [INF] HTTP POST /api/auth/login responded 200 in 1871.1275 ms
2026-06-07 21:56:10.409 +05:00 [INF] HTTP OPTIONS /api/experience/paged responded 204 in 0.4175 ms
2026-06-07 21:56:10.676 +05:00 [ERR] HTTP GET /api/experience/paged responded 500 in 241.0742 ms
2026-06-07 21:56:17.202 +05:00 [INF] HTTP OPTIONS /api/experience/paged responded 204 in 0.4252 ms
2026-06-07 21:56:17.374 +05:00 [ERR] HTTP GET /api/experience/paged responded 500 in 132.3486 ms
2026-06-07 21:56:20.396 +05:00 [INF] HTTP OPTIONS /api/projects/paged responded 204 in 0.1501 ms
2026-06-07 21:56:20.708 +05:00 [INF] HTTP GET /api/projects/paged responded 200 in 206.2649 ms
2026-06-07 21:56:27.896 +05:00 [INF] HTTP OPTIONS /api/education/paged responded 204 in 2.1961 ms
2026-06-07 21:56:28.045 +05:00 [INF] HTTP GET /api/education/paged responded 200 in 138.0911 ms
2026-06-07 21:57:30.820 +05:00 [INF] HTTP OPTIONS /api/skills/paged responded 204 in 1.3036 ms
2026-06-07 21:57:31.107 +05:00 [INF] HTTP GET /api/skills/paged responded 200 in 255.3700 ms
2026-06-07 21:57:32.683 +05:00 [INF] HTTP OPTIONS /api/awards/paged responded 204 in 0.0921 ms
2026-06-07 21:57:33.318 +05:00 [INF] HTTP GET /api/awards/paged responded 200 in 229.6451 ms
2026-06-07 21:57:34.208 +05:00 [INF] HTTP OPTIONS /api/certifications/paged responded 204 in 0.0753 ms
2026-06-07 21:57:34.716 +05:00 [INF] HTTP GET /api/certifications/paged responded 200 in 367.9880 ms
2026-06-07 21:57:35.752 +05:00 [INF] HTTP OPTIONS /api/documents/paged responded 204 in 0.1634 ms
2026-06-07 21:57:35.914 +05:00 [INF] HTTP GET /api/documents/paged responded 200 in 151.9032 ms
2026-06-07 21:57:50.034 +05:00 [INF] HTTP OPTIONS /api/documents/paged responded 204 in 0.1319 ms
2026-06-07 21:57:50.153 +05:00 [INF] HTTP GET /api/documents/paged responded 200 in 103.3749 ms
2026-06-07 22:38:39.947 +05:00 [INF] HTTP OPTIONS /api/experience/paged responded 204 in 46.0220 ms
2026-06-07 22:38:45.408 +05:00 [ERR] HTTP GET /api/experience/paged responded 500 in 4195.9086 ms
2026-06-07 22:39:13.749 +05:00 [INF] HTTP GET /api/experience/paged responded 401 in 111.2956 ms
2026-06-07 22:39:16.071 +05:00 [INF] HTTP GET /api/experience/paged responded 401 in 0.9624 ms
2026-06-07 22:39:21.861 +05:00 [INF] HTTP GET /api/experience responded 405 in 31.2856 ms
2026-06-07 22:41:58.709 +05:00 [INF] HTTP GET /api/experience/paged responded 401 in 1.7935 ms
2026-06-07 22:42:36.684 +05:00 [INF] HTTP GET /api/experience/paged responded 401 in 2.5120 ms
2026-06-07 22:46:25.251 +05:00 [INF] HTTP OPTIONS /api/experience responded 204 in 6.8834 ms
2026-06-07 22:46:25.963 +05:00 [ERR] HTTP POST /api/experience responded 500 in 681.5141 ms
2026-06-07 22:46:36.578 +05:00 [INF] HTTP OPTIONS /api/experience responded 204 in 0.3378 ms
2026-06-07 22:46:36.693 +05:00 [ERR] HTTP POST /api/experience responded 500 in 76.9582 ms
2026-06-07 22:46:43.320 +05:00 [INF] HTTP OPTIONS /api/experience responded 204 in 0.5146 ms
2026-06-07 22:46:43.382 +05:00 [ERR] HTTP POST /api/experience responded 500 in 8.9333 ms
2026-06-07 22:46:49.573 +05:00 [INF] HTTP OPTIONS /api/projects/paged responded 204 in 0.5257 ms
2026-06-07 22:46:50.105 +05:00 [INF] HTTP GET /api/projects/paged responded 200 in 401.6970 ms
2026-06-07 22:47:57.403 +05:00 [INF] HTTP GET /api/experience/paged responded 401 in 29.0213 ms
2026-06-07 23:10:45.563 +05:00 [INF] HTTP OPTIONS /api/auth/login responded 204 in 10.8128 ms
2026-06-07 23:10:51.217 +05:00 [INF] HTTP POST /api/auth/login responded 200 in 5559.0812 ms
